Login-registro/app/build/intermediates/manifest_merge_blame_file/debug/processDebugMainManifest/manifest-merger-blame-debug-report.txt
1<?xml version="1.0" encoding="utf-8"?>
2<manifest xmlns:android="http://schemas.android.com/apk/res/android"
3    package="com.example.login_php"
4    android:versionCode="1"
5    android:versionName="1.0" >
6
7    <uses-sdk
8        android:minSdkVersion="25"
9        android:targetSdkVersion="33" />
10
11    <uses-permission android:name="android.permission.ACCESS_WIFI_STATE" />
11-->src\main\AndroidManifest.xml:4:5-76
11-->src\main\AndroidManifest.xml:4:22-73
12    <uses-permission android:name="android.permission.INTERNET" />
12-->src\main\AndroidManifest.xml:5:5-67
12-->src\main\AndroidManifest.xml:5:22-64
13    <uses-permission android:name="android.permission.ACCESS_FINE_LOCATION" />
13-->src\main\AndroidManifest.xml:6:5-79
13-->src\main\AndroidManifest.xml:6:22-76
14    <uses-permission android:name="android.permission.POST_NOTIFICATIONS" />
14-->src\main\AndroidManifest.xml:7:5-77
14-->src\main\AndroidManifest.xml:7:22-74
15    <uses-permission android:name="android.permission.RECEIVE_BOOT_COMPLETED" />
15-->src\main\AndroidManifest.xml:8:5-81
15-->src\main\AndroidManifest.xml:8:22-78
16
17    <!-- Include required permissions for Google Maps API to run. -->
18    <uses-permission android:name="android.permission.ACCESS_NETWORK_STATE" />
18-->[com.google.android.gms:play-services-maps:18.0.0] AndroidManifest.xml:23:5-79
18-->[com.google.android.gms:play-services-maps:18.0.0] AndroidManifest.xml:23:22-76
19
20    <uses-feature
20-->[com.google.android.gms:play-services-maps:18.0.0] AndroidManifest.xml:26:5-28:35
21        android:glEsVersion="0x00020000"
21-->[com.google.android.gms:play-services-maps:18.0.0] AndroidManifest.xml:27:9-41
22        android:required="true" />
22-->[com.google.android.gms:play-services-maps:18.0.0] AndroidManifest.xml:28:9-32
23
24    <queries>
24-->[com.google.android.gms:play-services-maps:18.0.0] AndroidManifest.xml:30:5-34:15
25
26        <!-- Needs to be explicitly declared on Android R+ -->
27        <package android:name="com.google.android.apps.maps" />
27-->[com.google.android.gms:play-services-maps:18.0.0] AndroidManifest.xml:33:9-64
27-->[com.google.android.gms:play-services-maps:18.0.0] AndroidManifest.xml:33:18-61
28    </queries>
29
30    <application
30-->src\main\AndroidManifest.xml:10:5-72:19
31        android:allowBackup="true"
31-->src\main\AndroidManifest.xml:11:9-35
32        android:appComponentFactory="androidx.core.app.CoreComponentFactory"
32-->[androidx.core:core:1.8.0] AndroidManifest.xml:24:18-86
33        android:debuggable="true"
34        android:extractNativeLibs="false"
35        android:icon="@drawable/logo"
35-->src\main\AndroidManifest.xml:12:9-38
36        android:label="BusPinchao"
36-->src\main\AndroidManifest.xml:13:9-35
37        android:roundIcon="@drawable/logo"
37-->src\main\AndroidManifest.xml:14:9-43
38        android:supportsRtl="true"
38-->src\main\AndroidManifest.xml:15:9-35
39        android:testOnly="true"
40        android:theme="@style/Theme.LOGIN_PHP"
40-->src\main\AndroidManifest.xml:16:9-47
41        android:usesCleartextTraffic="true" >
41-->src\main\AndroidManifest.xml:17:9-44
42        <activity
42-->src\main\AndroidManifest.xml:18:9-20:40
43            android:name="com.example.login_php.funcionalidades.NavegacionConOdometro"
43-->src\main\AndroidManifest.xml:19:13-66
44            android:exported="false" />
44-->src\main\AndroidManifest.xml:20:13-37
45        <activity
45-->src\main\AndroidManifest.xml:23:9-25:40
46            android:name="com.example.login_php.funcionalidades.verEstadoViaje"
46-->src\main\AndroidManifest.xml:24:13-59
47            android:exported="false" />
47-->src\main\AndroidManifest.xml:25:13-37
48        <activity
48-->src\main\AndroidManifest.xml:26:9-28:40
49            android:name="com.example.login_php.funcionalidades.OdometerService"
49-->src\main\AndroidManifest.xml:27:13-60
50            android:exported="false" />
50-->src\main\AndroidManifest.xml:28:13-37
51
52        <meta-data
52-->src\main\AndroidManifest.xml:30:9-32:71
53            android:name="com.google.android.geo.API_KEY"
53-->src\main\AndroidManifest.xml:31:13-58
54            android:value="AIzaSyCQVXJM8GnT9DecRSOmsyIgFv75gbXhrHY" />
54-->src\main\AndroidManifest.xml:32:13-68
55
56        <activity
56-->src\main\AndroidManifest.xml:34:9-36:40
57            android:name="com.example.login_php.funcionalidades.CalificarViajeActivity"
57-->src\main\AndroidManifest.xml:35:13-67
58            android:exported="false" />
58-->src\main\AndroidManifest.xml:36:13-37
59        <activity
59-->src\main\AndroidManifest.xml:37:9-39:40
60            android:name="com.example.login_php.homes.homeadministrador"
60-->src\main\AndroidManifest.xml:38:13-52
61            android:exported="false" />
61-->src\main\AndroidManifest.xml:39:13-37
62        <activity
62-->src\main\AndroidManifest.xml:40:9-42:40
63            android:name="com.example.login_php.homes.homecliente"
63-->src\main\AndroidManifest.xml:41:13-46
64            android:exported="false" />
64-->src\main\AndroidManifest.xml:42:13-37
65        <activity
65-->src\main\AndroidManifest.xml:43:9-45:40
66            android:name="com.example.login_php.homes.homeconductor"
66-->src\main\AndroidManifest.xml:44:13-48
67            android:exported="false" />
67-->src\main\AndroidManifest.xml:45:13-37
68        <activity android:name="com.example.login_php.home" />
68-->src\main\AndroidManifest.xml:46:9-42
68-->src\main\AndroidManifest.xml:46:19-39
69        <activity android:name="com.example.login_php.funcionalidades.registrarVehiculo" />
69-->src\main\AndroidManifest.xml:47:9-71
69-->src\main\AndroidManifest.xml:47:19-68
70        <activity android:name="com.example.login_php.funcionalidades.verListaVehiculos" />
70-->src\main\AndroidManifest.xml:48:9-71
70-->src\main\AndroidManifest.xml:48:19-68
71        <activity android:name="com.example.login_php.funcionalidades.ActividadEdicion" />
71-->src\main\AndroidManifest.xml:49:9-70
71-->src\main\AndroidManifest.xml:49:19-67
72        <activity android:name="com.example.login_php.funcionalidades.ActividadEdicionCarga" />
72-->src\main\AndroidManifest.xml:50:9-75
72-->src\main\AndroidManifest.xml:50:19-72
73        <activity android:name="com.example.login_php.funcionalidades.crearCarga" />
73-->src\main\AndroidManifest.xml:51:9-64
73-->src\main\AndroidManifest.xml:51:19-61
74        <activity android:name="com.example.login_php.funcionalidades.verPerfil" />
74-->src\main\AndroidManifest.xml:52:9-63
74-->src\main\AndroidManifest.xml:52:19-60
75        <activity android:name="com.example.login_php.funcionalidades.Mapas" />
75-->src\main\AndroidManifest.xml:53:9-59
75-->src\main\AndroidManifest.xml:53:19-56
76        <activity android:name="com.example.login_php.funcionalidades.Navegacion" />
76-->src\main\AndroidManifest.xml:54:9-64
76-->src\main\AndroidManifest.xml:54:19-61
77        <activity android:name="com.example.login_php.funcionalidades.historicoCargas" />
77-->src\main\AndroidManifest.xml:55:9-69
77-->src\main\AndroidManifest.xml:55:19-66
78        <activity android:name="com.example.login_php.funcionalidades.gestionCargas" />
78-->src\main\AndroidManifest.xml:56:9-67
78-->src\main\AndroidManifest.xml:56:19-64
79        <activity android:name="com.example.login_php.registrar" />
79-->src\main\AndroidManifest.xml:57:9-47
79-->src\main\AndroidManifest.xml:57:19-44
80
81        <service
81-->src\main\AndroidManifest.xml:59:9-61:40
82            android:name="com.example.login_php.funcionalidades.OdometerService"
82-->src\main\AndroidManifest.xml:60:13-60
83            android:exported="false" />
83-->src\main\AndroidManifest.xml:61:13-37
84
85        <activity
85-->src\main\AndroidManifest.xml:63:9-71:20
86            android:name="com.example.login_php.login"
86-->src\main\AndroidManifest.xml:64:13-34
87            android:exported="true" >
87-->src\main\AndroidManifest.xml:65:13-36
88            <intent-filter>
88-->src\main\AndroidManifest.xml:66:13-70:29
89                <action android:name="android.intent.action.MAIN" />
89-->src\main\AndroidManifest.xml:67:17-69
89-->src\main\AndroidManifest.xml:67:25-66
90
91                <category android:name="android.intent.category.LAUNCHER" />
91-->src\main\AndroidManifest.xml:69:17-77
91-->src\main\AndroidManifest.xml:69:27-74
92            </intent-filter>
93        </activity>
94        <!-- Needs to be explicitly declared on P+ -->
95        <uses-library
95-->[com.google.android.gms:play-services-maps:18.0.0] AndroidManifest.xml:39:9-41:40
96            android:name="org.apache.http.legacy"
96-->[com.google.android.gms:play-services-maps:18.0.0] AndroidManifest.xml:40:13-50
97            android:required="false" />
97-->[com.google.android.gms:play-services-maps:18.0.0] AndroidManifest.xml:41:13-37
98
99        <activity
99-->[com.google.android.gms:play-services-base:18.3.0] AndroidManifest.xml:20:9-22:45
100            android:name="com.google.android.gms.common.api.GoogleApiActivity"
100-->[com.google.android.gms:play-services-base:18.3.0] AndroidManifest.xml:20:19-85
101            android:exported="false"
101-->[com.google.android.gms:play-services-base:18.3.0] AndroidManifest.xml:22:19-43
102            android:theme="@android:style/Theme.Translucent.NoTitleBar" />
102-->[com.google.android.gms:play-services-base:18.3.0] AndroidManifest.xml:21:19-78
103
104        <meta-data
104-->[com.google.android.gms:play-services-basement:18.3.0] AndroidManifest.xml:21:9-23:69
105            android:name="com.google.android.gms.version"
105-->[com.google.android.gms:play-services-basement:18.3.0] AndroidManifest.xml:22:13-58
106            android:value="@integer/google_play_services_version" />
106-->[com.google.android.gms:play-services-basement:18.3.0] AndroidManifest.xml:23:13-66
107
108        <provider
108-->[androidx.profileinstaller:profileinstaller:1.3.0] AndroidManifest.xml:24:9-32:20
109            android:name="androidx.startup.InitializationProvider"
109-->[androidx.profileinstaller:profileinstaller:1.3.0] AndroidManifest.xml:25:13-67
110            android:authorities="com.example.login_php.androidx-startup"
110-->[androidx.profileinstaller:profileinstaller:1.3.0] AndroidManifest.xml:26:13-68
111            android:exported="false" >
111-->[androidx.profileinstaller:profileinstaller:1.3.0] AndroidManifest.xml:27:13-37
112            <meta-data
112-->[androidx.profileinstaller:profileinstaller:1.3.0] AndroidManifest.xml:29:13-31:52
113                android:name="androidx.profileinstaller.ProfileInstallerInitializer"
113-->[androidx.profileinstaller:profileinstaller:1.3.0] AndroidManifest.xml:30:17-85
114                android:value="androidx.startup" />
114-->[androidx.profileinstaller:profileinstaller:1.3.0] AndroidManifest.xml:31:17-49
115        </provider>
116
117        <receiver
117-->[androidx.profileinstaller:profileinstaller:1.3.0] AndroidManifest.xml:34:9-52:20
118            android:name="androidx.profileinstaller.ProfileInstallReceiver"
118-->[androidx.profileinstaller:profileinstaller:1.3.0] AndroidManifest.xml:35:13-76
119            android:directBootAware="false"
119-->[androidx.profileinstaller:profileinstaller:1.3.0] AndroidManifest.xml:36:13-44
120            android:enabled="true"
120-->[androidx.profileinstaller:profileinstaller:1.3.0] AndroidManifest.xml:37:13-35
121            android:exported="true"
121-->[androidx.profileinstaller:profileinstaller:1.3.0] AndroidManifest.xml:38:13-36
122            android:permission="android.permission.DUMP" >
122-->[androidx.profileinstaller:profileinstaller:1.3.0] AndroidManifest.xml:39:13-57
123            <intent-filter>
123-->[androidx.profileinstaller:profileinstaller:1.3.0] AndroidManifest.xml:40:13-42:29
124                <action android:name="androidx.profileinstaller.action.INSTALL_PROFILE" />
124-->[androidx.profileinstaller:profileinstaller:1.3.0] AndroidManifest.xml:41:17-91
124-->[androidx.profileinstaller:profileinstaller:1.3.0] AndroidManifest.xml:41:25-88
125            </intent-filter>
126            <intent-filter>
126-->[androidx.profileinstaller:profileinstaller:1.3.0] AndroidManifest.xml:43:13-45:29
127                <action android:name="androidx.profileinstaller.action.SKIP_FILE" />
127-->[androidx.profileinstaller:profileinstaller:1.3.0] AndroidManifest.xml:44:17-85
127-->[androidx.profileinstaller:profileinstaller:1.3.0] AndroidManifest.xml:44:25-82
128            </intent-filter>
129            <intent-filter>
129-->[androidx.profileinstaller:profileinstaller:1.3.0] AndroidManifest.xml:46:13-48:29
130                <action android:name="androidx.profileinstaller.action.SAVE_PROFILE" />
130-->[androidx.profileinstaller:profileinstaller:1.3.0] AndroidManifest.xml:47:17-88
130-->[androidx.profileinstaller:profileinstaller:1.3.0] AndroidManifest.xml:47:25-85
131            </intent-filter>
132            <intent-filter>
132-->[androidx.profileinstaller:profileinstaller:1.3.0] AndroidManifest.xml:49:13-51:29
133                <action android:name="androidx.profileinstaller.action.BENCHMARK_OPERATION" />
133-->[androidx.profileinstaller:profileinstaller:1.3.0] AndroidManifest.xml:50:17-95
133-->[androidx.profileinstaller:profileinstaller:1.3.0] AndroidManifest.xml:50:25-92
134            </intent-filter>
135        </receiver>
136    </application>
137
138</manifest>